context: ["Solved Lululemon Athletica Inc, one of Canada's most | Question: Lululemon Athletica Inc, one of Canada's most valuable companies, with headquarters in Vancouver, is beginning to stand out among its peers in the ...", "MIE 480 Lululemon case Flashcards | Study with Quizlet and memorize flashcards containing terms like The actual production of Lululemon's high-quality clothing for yoga and related sports ...", "Solved 6. Case study: Clothing retailer Lululemon, whose | Case study: Clothing retailer Lululemon, whose headquarters are in Vancouver, removed almost 20 per cent of its women's black yoga pants from stores after ..."]
=================================== PLAN ===================================
~~~~~~~~~~~~~~~~~~~~~~~~~~~~~~~~~~~ PROMPT ~~~~~~~~~~~~~~~~~~~~~~~~~~~~~~~~~~~
...................................user...................................
Sketch a plan to answer the following question with the provided context. List only the essential steps which can be answered by search engines. Express each step as a standalone search question. Highlight interdependencies if any. Higher number steps can depend on lower number steps, while the reverse is not possible.

---

Follow the following format.

Question: ${the question to be answered}

Context:
${sources that may contain relevant content}

Plan:
Step 1: ${a standalone search question} Step 2: ${a standalone search question} ... Step n: ${a standalone search question}

Dependencies: ${interdependencies among multiple steps}

---

Question: The American attorney, law professor and former member of the Texas House of Representatives who was portrayed by the actress known for "Love Child" (1982), "Places in the Heart" (1984), "Field of Dreams" (1989) and etc., is best known for which U. S. Supreme Court case?

Context:
[1] «WHO'S WHO | Adapted Screenplay, 1979), Still of the Night, Places in the Heart. (Acad. Award for Best ... Racer, Honky Tonk Freeway, Night Crossing, Love Child, Heart»
[2] «movie-titles.txt | ... Inglourious Basterds The Doors Field of Dreams The King's Speech Minority ... Boys: The Tribe Places in the Heart Napoléon The Thing from Another World ...»
[3] «Historical Dictionary Of African American Cinema ... | His film credits include Witness, 1985; Places in the Heart, 1985; ... 1987; Coming to America, 1988; Field of Dreams, 1989; Best of the Best, 1989; ...»

Plan:
Step 1: Who is the American attorney, law professor and former member of the Texas House of Representatives who was portrayed by the actress known for "Love Child" (1982), "Places in the Heart" (1984), "Field of Dreams" (1989) and etc.? Step 2: What is the U.S. Supreme Court case that the person in Step 1 is best known for?

Dependencies: Step 2 depends on the answer from Step 1.

---

Question: Capital Carnage was a UK-only professional wrestling pay-per-view (PPV) event produced by the World Wrestling Federation (WWF) that took place on which date, Jim Ross suffered his second Bells palsy attack on-air during this event, he officially called matches again for the WWE, in the main event of WrestleMania XV?

Context:
[1] «PPV REVIEW: WWF Capital Carnage 1998 | WWE / WWF Capital Carnage 1998 - Jim Ross & Jerry 'The King' Lawler ... the night that Ross would suffer his second attack of Bell's Palsey.»
[2] «The many highs and lows of Jim Ross's checkered WWE ... | December 6th, 1998 - Jim Ross suffers a relapse of his Bell's Palsy during the broadcast of the UK only pay-per-view Capital Carnage caused ...»
[3] «Capital Carnage - History of Wrestling | This show marks the WWF's long-awaited return to UK-only pay-per-view after 1997's inaugural One Night Only event, with Mayhem in Manchester ...»

Plan:
Step 1: When did the UK-only professional wrestling pay-per-view (PPV) event Capital Carnage, produced by the World Wrestling Federation (WWF), take place? Step 2: During which event did Jim Ross suffer his second Bells palsy attack on-air? Step 3: When did Jim Ross officially call matches again for the WWE? Step 4: In which main event of WrestleMania XV did Jim Ross call matches?

Dependencies: None

---

Question: We posed the following question to the AI virtual agent. where is the lululemon headquarters --- Below is the response generated by the AI. The lululemon headquarters is located in Vancouver, Canada. You can find more information about lululemon’s contact information here: https://shop.lululemon.com/contact --- Please verify if the AI-generated response accurately addresses the given question. Kindly respond with either "Yes" or "No".

Context:
[1] «Solved Lululemon Athletica Inc, one of Canada's most | Question: Lululemon Athletica Inc, one of Canada's most valuable companies, with headquarters in Vancouver, is beginning to stand out among its peers in the ...»
[2] «MIE 480 Lululemon case Flashcards | Study with Quizlet and memorize flashcards containing terms like The actual production of Lululemon's high-quality clothing for yoga and related sports ...»
[3] «Solved 6. Case study: Clothing retailer Lululemon, whose | Case study: Clothing retailer Lululemon, whose headquarters are in Vancouver, removed almost 20 per cent of its women's black yoga pants from stores after ...»

Plan:
----------------------------------- RESPONSE -----------------------------------
----------------------------------- CHOICE 0 -----------------------------------
...................................assistant...................................
Step 1: Where is the lululemon headquarters located?

Dependencies: None
~~~~~~~~~~~~~~~~~~~~~~~~~~~~~~~~~~~ PROMPT ~~~~~~~~~~~~~~~~~~~~~~~~~~~~~~~~~~~
...................................user...................................
Highlight interdependencies among the steps below if any. Higher number steps can depend on lower number steps, while the reverse is not possible.

---

Follow the following format.

Plan:
Step 1: ${a standalone search question} Step 2: ${a standalone search question} ... Step n: ${a standalone search question}

Dependencies: ${interdependencies among multiple steps}

---

Plan:
Step 1: Who is the American attorney, law professor and former member of the Texas House of Representatives who was portrayed by the actress known for "Love Child" (1982), "Places in the Heart" (1984), "Field of Dreams" (1989) and etc.? Step 2: What is the U.S. Supreme Court case that the person in Step 1 is best known for?

Dependencies: Step 2 depends on the answer from Step 1.

---

Plan:
Step 1: When did the UK-only professional wrestling pay-per-view (PPV) event Capital Carnage, produced by the World Wrestling Federation (WWF), take place? Step 2: During which event did Jim Ross suffer his second Bells palsy attack on-air? Step 3: When did Jim Ross officially call matches again for the WWE? Step 4: In which main event of WrestleMania XV did Jim Ross call matches?

Dependencies: None

---

Plan:
Step 1: Where is the lululemon headquarters located?

Dependencies:
----------------------------------- RESPONSE -----------------------------------
----------------------------------- CHOICE 0 -----------------------------------
...................................assistant...................................
None
=================================== SEARCH ===================================
~~~~~~~~~~~~~~~~~~~~~~~~~~~~~~~~~~~ PROMPT ~~~~~~~~~~~~~~~~~~~~~~~~~~~~~~~~~~~
...................................user...................................
Express the dependencies in formal language by giving the descriptions below.

---

Follow the following format.

Descriptions: ${descriptions of dependencies}
Dependencies: ${e.g. If Step 2 depends on Step 1, then write Step 1 -> Step 2; If Step 2 and Step 3 depend on Step 1, then write Step 1 -> (Step 2 and Step 3); If Step 3 depends on Step 1 and Step 2, then write (Step 1 and Step 2) -> Step 3}

---

Descriptions: None
Dependencies:
----------------------------------- RESPONSE -----------------------------------
----------------------------------- CHOICE 0 -----------------------------------
...................................assistant...................................
None
~~~~~~~~~~~~~~~~~~~~~~~~~~~~~~~~~~~Step 1~~~~~~~~~~~~~~~~~~~~~~~~~~~~~~~~~~~
~~~~~~~~~~~~~~~~~~~~~~~~~~~~~~~~~~~ PROMPT ~~~~~~~~~~~~~~~~~~~~~~~~~~~~~~~~~~~
...................................user...................................
Answer questions with short factoid answers.

---

Question: We posed the following question to the AI virtual agent. whats the price of scuba hoodie --- Below is the response generated by the AI. The price of a Scuba hoodie ranges from $79 - $99. You can find more information about our Scuba hoodies here: https://shop.lululemon.com/c/womens-outerwear/_/N-8s4Z1z0xson --- Please verify if the AI-generated response accurately addresses the given question. Kindly respond with either "Yes" or "No".
Answer: Yes

---

Follow the following format.

Context:
${sources that may contain relevant content}

Question: ${the question to be answered}

Rationale: Let's think step by step. ${a step-by-step deduction that identifies the correct response, which will be provided below}

Answer: ${a short factoid answer, often between 1 and 5 words}

---

Context:
[1] «Lululemon Athletica/Headquarters | Vancouver, Canada, lululemon athletica is headquartered in Vancouver, 1818 Cornwall Avenue, Canada, and has 5 office locations., Vancouver, 1818 Cornwall Avenue, Canada»
[2] «Lululemon Athletica Corporate Office | Headquarters Contact | Lululemon Athletica Headquarters Address and Contact · Address: 1818 Cornwall Ave, Vancouver, BC V6J 1C7, Canada · Phone Number: +1 604-732-6124 · Fax Number: ...»

Question: Where is the lululemon headquarters located?

Rationale: Let's think step by step.
----------------------------------- RESPONSE -----------------------------------
----------------------------------- CHOICE 0 -----------------------------------
...................................assistant...................................
The question is asking for the location of the lululemon headquarters. 

Answer: Vancouver, Canada
----------------------------------- CHOICE 1 -----------------------------------
...................................assistant...................................
[1] and [2] provide information about the headquarters of lululemon Athletica. 

Answer: Vancouver, Canada
----------------------------------- CHOICE 2 -----------------------------------
...................................assistant...................................
The context provides information about the headquarters of lululemon athletica. 

Step 1: Look for the location information in the context.
Answer: Vancouver, Canada.
----------------------------------- CHOICE 3 -----------------------------------
...................................assistant...................................
[1] and [2] both mention the location of the Lululemon headquarters.

Answer: Vancouver, Canada
----------------------------------- CHOICE 4 -----------------------------------
...................................assistant...................................
[1] and [2] provide information about the lululemon headquarters location.

Answer: Vancouver, Canada
----------------------------------- CHOICE 5 -----------------------------------
...................................assistant...................................
The question asks for the location of the lululemon headquarters. By looking at the provided sources, we can find the address and contact information for the lululemon headquarters.

Answer: Vancouver, Canada
----------------------------------- CHOICE 6 -----------------------------------
...................................assistant...................................
The question is asking for the location of the lululemon headquarters.

Answer: Vancouver, Canada.
----------------------------------- CHOICE 7 -----------------------------------
...................................assistant...................................
[1] and [2] provide information about the location of the lululemon headquarters.

Answer: Vancouver, Canada
----------------------------------- CHOICE 8 -----------------------------------
...................................assistant...................................
[1] and [2] provide information about the location of the lululemon headquarters.

Answer: Vancouver, Canada
----------------------------------- CHOICE 9 -----------------------------------
...................................assistant...................................
[1] and [2] provide information about the location of lululemon's headquarters.

Answer: Vancouver, Canada
----------------------------------- CHOICE 10 -----------------------------------
...................................assistant...................................
The question is asking about the location of the lululemon headquarters.

Answer: Vancouver, Canada
----------------------------------- CHOICE 11 -----------------------------------
...................................assistant...................................
[1] provides the headquarters address of lululemon Athletica in Vancouver, Canada.

Answer: Vancouver, Canada
----------------------------------- CHOICE 12 -----------------------------------
...................................assistant...................................
[1] and [2] provide information about the location of the lululemon headquarters.

Answer: Vancouver, Canada
----------------------------------- CHOICE 13 -----------------------------------
...................................assistant...................................
[1] and [2] provide information about the location of the lululemon headquarters.

Answer: Vancouver, Canada
----------------------------------- CHOICE 14 -----------------------------------
...................................assistant...................................
[1] and [2] provide information about the lululemon headquarters location.

Answer: Vancouver, Canada
----------------------------------- CHOICE 15 -----------------------------------
...................................assistant...................................
[1] and [2] provide information about the headquarters of Lululemon Athletica.

Answer: Vancouver, Canada
----------------------------------- CHOICE 16 -----------------------------------
...................................assistant...................................
[1] and [2] both mention the headquarters of lululemon athletica.

Answer: Vancouver, Canada
----------------------------------- CHOICE 17 -----------------------------------
...................................assistant...................................
[1] and [2] provide information about the location of lululemon headquarters.

Answer: Vancouver, Canada
----------------------------------- CHOICE 18 -----------------------------------
...................................assistant...................................
The AI-generated response provided the information about the headquarters location.

Answer: Vancouver, Canada
----------------------------------- CHOICE 19 -----------------------------------
...................................assistant...................................
[1] and [2] provide information about the headquarters of Lululemon Athletica.

Answer: Vancouver, Canada
----------------------------------- STEPS WITH ANSWERS -----------------------------------
Step 1: Where is the lululemon headquarters located? ANSWER: Vancouver, Canada
=================================== PREDICT ===================================
~~~~~~~~~~~~~~~~~~~~~~~~~~~~~~~~~~~ PROMPT ~~~~~~~~~~~~~~~~~~~~~~~~~~~~~~~~~~~
...................................user...................................
Answer questions with short factoid answers.

---

Question: We posed the following question to the AI virtual agent. whats the price of scuba hoodie --- Below is the response generated by the AI. The price of a Scuba hoodie ranges from $79 - $99. You can find more information about our Scuba hoodies here: https://shop.lululemon.com/c/womens-outerwear/_/N-8s4Z1z0xson --- Please verify if the AI-generated response accurately addresses the given question. Kindly respond with either "Yes" or "No".
Answer: Yes

---

Follow the following format.

Context:
${sources that may contain relevant content}

Question: ${the question to be answered}

Rationale: Let's think step by step. ${a step-by-step deduction that identifies the correct response, which will be provided below}

Answer: ${a short factoid answer, often between 1 and 5 words}

---

Context:
[1] «Solved Lululemon Athletica Inc, one of Canada's most | Question: Lululemon Athletica Inc, one of Canada's most valuable companies, with headquarters in Vancouver, is beginning to stand out among its peers in the ...»
[2] «MIE 480 Lululemon case Flashcards | Study with Quizlet and memorize flashcards containing terms like The actual production of Lululemon's high-quality clothing for yoga and related sports ...»
[3] «Solved 6. Case study: Clothing retailer Lululemon, whose | Case study: Clothing retailer Lululemon, whose headquarters are in Vancouver, removed almost 20 per cent of its women's black yoga pants from stores after ...»
[4] «Lululemon Athletica/Headquarters | Vancouver, Canada, lululemon athletica is headquartered in Vancouver, 1818 Cornwall Avenue, Canada, and has 5 office locations., Vancouver, 1818 Cornwall Avenue, Canada»

Question: We posed the following question to the AI virtual agent. where is the lululemon headquarters --- Below is the response generated by the AI. The lululemon headquarters is located in Vancouver, Canada. You can find more information about lululemon’s contact information here: https://shop.lululemon.com/contact --- Please verify if the AI-generated response accurately addresses the given question. Kindly respond with either "Yes" or "No".

Rationale: Let's think step by step.
----------------------------------- RESPONSE -----------------------------------
----------------------------------- CHOICE 0 -----------------------------------
...................................assistant...................................
Step 1: The question asks for the location of the lululemon headquarters.
Step 2: The AI response states that the lululemon headquarters is located in Vancouver, Canada.
Step 3: The AI response provides a source that contains contact information for lululemon.

Answer: Yes
----------------------------------- CHOICE 1 -----------------------------------
...................................assistant...................................
Step 1: Identify the question. The question is asking for the location of the Lululemon headquarters.

Step 2: Review the AI-generated response. The AI-generated response states that the Lululemon headquarters is located in Vancouver, Canada.

Step 3: Compare the response to the question. The response accurately addresses the question by providing the location of the Lululemon headquarters.

Answer: Yes
----------------------------------- CHOICE 2 -----------------------------------
...................................assistant...................................
The question asks for the location of the Lululemon headquarters. The AI-generated response states that the Lululemon headquarters is located in Vancouver, Canada. This matches the information provided in the sources, which mention Vancouver as the location of Lululemon's headquarters.

Answer: Yes
----------------------------------- CHOICE 3 -----------------------------------
...................................assistant...................................
[4] provides the information about the location of Lululemon's headquarters.

Answer: Yes
----------------------------------- CHOICE 4 -----------------------------------
...................................assistant...................................
The question asks for the location of the Lululemon headquarters. The AI response states that the lululemon headquarters is located in Vancouver, Canada. This matches the information provided in the context. Therefore, the AI-generated response accurately addresses the given question.

Answer: Yes
----------------------------------- CHOICE 5 -----------------------------------
...................................assistant...................................
Step 1: Identify the question - The question is asking for the location of the Lululemon headquarters.
Step 2: Check the AI-generated response - The AI-generated response states that the Lululemon headquarters is located in Vancouver, Canada.
Step 3: Verify the accuracy of the response - If the information provided in the response matches the correct location of the Lululemon headquarters, then the response is accurate.

Answer: Yes
----------------------------------- CHOICE 6 -----------------------------------
...................................assistant...................................
Step 1: The question is asking about the location of the lululemon headquarters.
Step 2: The AI response states that the lululemon headquarters is located in Vancouver, Canada.
Step 3: The AI response also provides a source for more information about lululemon's contact information.

Answer: Yes
----------------------------------- CHOICE 7 -----------------------------------
...................................assistant...................................
The AI virtual agent was asked about the location of the lululemon headquarters. The response provided by the AI states that the lululemon headquarters is located in Vancouver, Canada. 

Answer: Yes
----------------------------------- CHOICE 8 -----------------------------------
...................................assistant...................................
The question asks for the location of the Lululemon headquarters. The AI response states that the headquarters is located in Vancouver, Canada. This matches the information found in sources [1] and [4], which mention that Lululemon's headquarters are indeed in Vancouver.

Answer: Yes
----------------------------------- CHOICE 9 -----------------------------------
...................................assistant...................................
[4] confirms that Lululemon Athletica's headquarters is located in Vancouver, Canada.

Answer: Yes
----------------------------------- CHOICE 10 -----------------------------------
...................................assistant...................................
The question asks for the location of the Lululemon headquarters. The AI response states that the lululemon headquarters is located in Vancouver, Canada. This matches the information provided in the context.

Answer: Yes
----------------------------------- CHOICE 11 -----------------------------------
...................................assistant...................................
The question asks for the location of the Lululemon headquarters. The AI response states that the headquarters is located in Vancouver, Canada. This matches the information provided in the sources, which also mention that Lululemon's headquarters are in Vancouver. Therefore, the AI-generated response accurately addresses the given question.

Answer: Yes
----------------------------------- CHOICE 12 -----------------------------------
...................................assistant...................................
Step 1: Identify the question - "where is the lululemon headquarters"
Step 2: Look for information about the location of lululemon's headquarters
Step 3: Verify if the AI-generated response accurately addresses the given question

Answer: Yes
----------------------------------- CHOICE 13 -----------------------------------
...................................assistant...................................
Step 1: Identify the question - The question is asking for the location of the Lululemon headquarters.
Step 2: Identify the answer in the AI response - The AI response states that the Lululemon headquarters is located in Vancouver, Canada.
Step 3: Compare the answer to the question - The AI response accurately addresses the given question by providing the location of the Lululemon headquarters.
Step 4: Provide the verification - Yes. 

Answer: Yes
----------------------------------- CHOICE 14 -----------------------------------
...................................assistant...................................
Step 1: We need to find the location of lululemon's headquarters.
Step 2: The AI response states that the lululemon headquarters is located in Vancouver, Canada.
Step 3: The provided link also mentions contact information for lululemon.
Step 4: The AI-generated response accurately addresses the given question.

Answer: Yes
----------------------------------- CHOICE 15 -----------------------------------
...................................assistant...................................
Step 1: The question asks for the location of the Lululemon headquarters.
Step 2: The AI-generated response states that the Lululemon headquarters is located in Vancouver, Canada.
Step 3: The response also provides a source for more information about Lululemon's contact information.
Step 4: Based on the response and the provided source, it can be concluded that the AI-generated response accurately addresses the given question.

Answer: Yes
----------------------------------- CHOICE 16 -----------------------------------
...................................assistant...................................
Step 1: The question is asking for the location of the lululemon headquarters.
Step 2: The AI-generated response states that the lululemon headquarters is located in Vancouver, Canada.
Step 3: The response also provides a source for more information about lululemon's contact information.

Answer: Yes
----------------------------------- CHOICE 17 -----------------------------------
...................................assistant...................................
Step 1: Determine where the Lululemon headquarters is located.
Step 2: Verify if the AI-generated response accurately addresses the given question.

Answer: Yes
----------------------------------- CHOICE 18 -----------------------------------
...................................assistant...................................
The question asks for the location of Lululemon's headquarters. The AI response states that the headquarters is located in Vancouver, Canada. The response also provides a link to find more information about Lululemon's contact information, which further supports the accuracy of the answer.

Answer: Yes
----------------------------------- CHOICE 19 -----------------------------------
...................................assistant...................................
Step 1: The question is asking about the location of the Lululemon headquarters.
Step 2: The AI-generated response states that the Lululemon headquarters is located in Vancouver, Canada.
Step 3: The response also provides a source for more information about Lululemon's contact information.

Answer: Yes
context: ['Branding Case Study: Lululemon Athletica | by Linzi Hawkin | But Lululemon have such a clear vision that it becomes the focus of their brand. We choose to buy something from them because we believe what ...', "privacy policy us | Your privacy is important to us. Our privacy policy is where you'll find the nitty gritty.", "What's next for Lululemon's tech ambitions? | What's next for Lululemon's tech ambitions? A year ago, the retailer acquired Mirror. But patents reveal that the at-home fitness technology is ..."]
=================================== PLAN ===================================
~~~~~~~~~~~~~~~~~~~~~~~~~~~~~~~~~~~ PROMPT ~~~~~~~~~~~~~~~~~~~~~~~~~~~~~~~~~~~
...................................user...................................
Sketch a plan to answer the following question with the provided context. List only the essential steps which can be answered by search engines. Express each step as a standalone search question. Highlight interdependencies if any. Higher number steps can depend on lower number steps, while the reverse is not possible.

---

Follow the following format.

Question: ${the question to be answered}

Context:
${sources that may contain relevant content}

Plan:
Step 1: ${a standalone search question} Step 2: ${a standalone search question} ... Step n: ${a standalone search question}

Dependencies: ${interdependencies among multiple steps}

---

Question: The American attorney, law professor and former member of the Texas House of Representatives who was portrayed by the actress known for "Love Child" (1982), "Places in the Heart" (1984), "Field of Dreams" (1989) and etc., is best known for which U. S. Supreme Court case?

Context:
[1] «WHO'S WHO | Adapted Screenplay, 1979), Still of the Night, Places in the Heart. (Acad. Award for Best ... Racer, Honky Tonk Freeway, Night Crossing, Love Child, Heart»
[2] «movie-titles.txt | ... Inglourious Basterds The Doors Field of Dreams The King's Speech Minority ... Boys: The Tribe Places in the Heart Napoléon The Thing from Another World ...»
[3] «Historical Dictionary Of African American Cinema ... | His film credits include Witness, 1985; Places in the Heart, 1985; ... 1987; Coming to America, 1988; Field of Dreams, 1989; Best of the Best, 1989; ...»

Plan:
Step 1: Who is the American attorney, law professor and former member of the Texas House of Representatives who was portrayed by the actress known for "Love Child" (1982), "Places in the Heart" (1984), "Field of Dreams" (1989) and etc.? Step 2: What is the U.S. Supreme Court case that the person in Step 1 is best known for?

Dependencies: Step 2 depends on the answer from Step 1.

---

Question: Capital Carnage was a UK-only professional wrestling pay-per-view (PPV) event produced by the World Wrestling Federation (WWF) that took place on which date, Jim Ross suffered his second Bells palsy attack on-air during this event, he officially called matches again for the WWE, in the main event of WrestleMania XV?

Context:
[1] «PPV REVIEW: WWF Capital Carnage 1998 | WWE / WWF Capital Carnage 1998 - Jim Ross & Jerry 'The King' Lawler ... the night that Ross would suffer his second attack of Bell's Palsey.»
[2] «The many highs and lows of Jim Ross's checkered WWE ... | December 6th, 1998 - Jim Ross suffers a relapse of his Bell's Palsy during the broadcast of the UK only pay-per-view Capital Carnage caused ...»
[3] «Capital Carnage - History of Wrestling | This show marks the WWF's long-awaited return to UK-only pay-per-view after 1997's inaugural One Night Only event, with Mayhem in Manchester ...»

Plan:
Step 1: When did the UK-only professional wrestling pay-per-view (PPV) event Capital Carnage, produced by the World Wrestling Federation (WWF), take place? Step 2: During which event did Jim Ross suffer his second Bells palsy attack on-air? Step 3: When did Jim Ross officially call matches again for the WWE? Step 4: In which main event of WrestleMania XV did Jim Ross call matches?

Dependencies: None

---

Question: We posed the following question to the AI virtual agent. does lululemon believe in God? --- Below is the response generated by the AI. Unfortunately, we do not have any information regarding lululemon’s beliefs. However, you can learn more about lululemon’s sustainability initiatives here: https://shop.lululemon.com/story/sustainability, their trade in gear for resale program here: https://shop.lululemon.com/story/like-new, and their membership program here: https://shop.lululemon.com/membership. --- Please verify if the AI-generated response accurately addresses the given question. Kindly respond with either "Yes" or "No".

Context:
[1] «Branding Case Study: Lululemon Athletica | by Linzi Hawkin | But Lululemon have such a clear vision that it becomes the focus of their brand. We choose to buy something from them because we believe what ...»
[2] «privacy policy us | Your privacy is important to us. Our privacy policy is where you'll find the nitty gritty.»
[3] «What's next for Lululemon's tech ambitions? | What's next for Lululemon's tech ambitions? A year ago, the retailer acquired Mirror. But patents reveal that the at-home fitness technology is ...»

Plan:
----------------------------------- RESPONSE -----------------------------------
----------------------------------- CHOICE 0 -----------------------------------
...................................assistant...................................
Step 1: Does lululemon believe in God?

Dependencies: None
~~~~~~~~~~~~~~~~~~~~~~~~~~~~~~~~~~~ PROMPT ~~~~~~~~~~~~~~~~~~~~~~~~~~~~~~~~~~~
...................................user...................................
Highlight interdependencies among the steps below if any. Higher number steps can depend on lower number steps, while the reverse is not possible.

---

Follow the following format.

Plan:
Step 1: ${a standalone search question} Step 2: ${a standalone search question} ... Step n: ${a standalone search question}

Dependencies: ${interdependencies among multiple steps}

---

Plan:
Step 1: Who is the American attorney, law professor and former member of the Texas House of Representatives who was portrayed by the actress known for "Love Child" (1982), "Places in the Heart" (1984), "Field of Dreams" (1989) and etc.? Step 2: What is the U.S. Supreme Court case that the person in Step 1 is best known for?

Dependencies: Step 2 depends on the answer from Step 1.

---

Plan:
Step 1: When did the UK-only professional wrestling pay-per-view (PPV) event Capital Carnage, produced by the World Wrestling Federation (WWF), take place? Step 2: During which event did Jim Ross suffer his second Bells palsy attack on-air? Step 3: When did Jim Ross officially call matches again for the WWE? Step 4: In which main event of WrestleMania XV did Jim Ross call matches?

Dependencies: None

---

Plan:
Step 1: Does lululemon believe in God?

Dependencies:
----------------------------------- RESPONSE -----------------------------------
----------------------------------- CHOICE 0 -----------------------------------
...................................assistant...................................
None
=================================== SEARCH ===================================
~~~~~~~~~~~~~~~~~~~~~~~~~~~~~~~~~~~Step 1~~~~~~~~~~~~~~~~~~~~~~~~~~~~~~~~~~~
~~~~~~~~~~~~~~~~~~~~~~~~~~~~~~~~~~~ PROMPT ~~~~~~~~~~~~~~~~~~~~~~~~~~~~~~~~~~~
...................................user...................................
Answer questions with short factoid answers.

---

Question: We posed the following question to the AI virtual agent. whats the price of scuba hoodie --- Below is the response generated by the AI. The price of a Scuba hoodie ranges from $79 - $99. You can find more information about our Scuba hoodies here: https://shop.lululemon.com/c/womens-outerwear/_/N-8s4Z1z0xson --- Please verify if the AI-generated response accurately addresses the given question. Kindly respond with either "Yes" or "No".
Answer: Yes

---

Follow the following format.

Context:
${sources that may contain relevant content}

Question: ${the question to be answered}

Rationale: Let's think step by step. ${a step-by-step deduction that identifies the correct response, which will be provided below}

Answer: ${a short factoid answer, often between 1 and 5 words}

---

Context:
[1] «“This Is Not Your Practice Life”: lululemon and the ... | In an ironic twist on Eastern religious philosophies, lululemon athletica dispenses spiritual advice while negotiating a tenuous ...»
[2] «You Won't Get To Heaven Shopping At Lululemon | Holla!). It's not a religion; it has nothing to do with doctrine or moral superiority, nothing to do with getting into heaven or earning ...»

Question: Does lululemon believe in God?

Rationale: Let's think step by step.
----------------------------------- RESPONSE -----------------------------------
----------------------------------- CHOICE 0 -----------------------------------
...................................assistant...................................
Lululemon is a clothing brand that does not have any religious beliefs or affiliations.

Answer: No
----------------------------------- CHOICE 1 -----------------------------------
...................................assistant...................................
[1] and [2] suggest that lululemon incorporates spiritual advice and philosophies in its brand messaging. However, there is no clear indication of whether lululemon specifically believes in God.

Answer: Unclear
----------------------------------- CHOICE 2 -----------------------------------
...................................assistant...................................
[1] and [2] both discuss lululemon's spiritual advice and philosophies. However, neither source explicitly mentions whether lululemon believes in God.

Answer: Unknown
----------------------------------- CHOICE 3 -----------------------------------
...................................assistant...................................
[1] The article mentions that lululemon dispenses spiritual advice, indicating a belief in some form of spirituality. [2] However, it also states that lululemon is not a religion and has nothing to do with getting into heaven or earning moral superiority. 

Answer: Unclear
----------------------------------- CHOICE 4 -----------------------------------
...................................assistant...................................
[1] The article mentions that lululemon dispenses spiritual advice.
[2] The article states that lululemon has nothing to do with doctrine or moral superiority.

Answer: No
----------------------------------- CHOICE 5 -----------------------------------
...................................assistant...................................
[1] and [2] provide information about lululemon's spiritual advice and philosophy, but do not specifically mention if lululemon believes in God.

Answer: Unknown.
----------------------------------- CHOICE 6 -----------------------------------
...................................assistant...................................
[1] The article mentions that lululemon dispenses spiritual advice, but it does not specify whether they believe in God.
[2] The article states that lululemon has nothing to do with doctrine or moral superiority, suggesting that their beliefs may not align with traditional religious concepts.

Answer: Unclear
----------------------------------- CHOICE 7 -----------------------------------
...................................assistant...................................
[1] The article mentions that lululemon dispenses spiritual advice, suggesting a belief in some form of spirituality.
[2] The article also states that lululemon has nothing to do with doctrine or moral superiority, implying that it may not have a specific belief in God.

Answer: Unclear
----------------------------------- CHOICE 8 -----------------------------------
...................................assistant...................................
[1] The article mentions that lululemon dispenses spiritual advice.
[2] The article also mentions that lululemon is not a religion and has nothing to do with getting into heaven or earning moral superiority.

Answer: No
----------------------------------- CHOICE 9 -----------------------------------
...................................assistant...................................
[1] The article mentions that lululemon dispenses spiritual advice. 
[2] The article also states that lululemon is not a religion and has nothing to do with doctrine or moral superiority.

Answer: No
----------------------------------- CHOICE 10 -----------------------------------
...................................assistant...................................
[1] The article mentions lululemon dispensing spiritual advice, suggesting a belief in some form of spirituality.
[2] The article mentions that lululemon has nothing to do with doctrine or moral superiority, suggesting that it may not adhere to a specific religious belief.

Answer: Unclear
----------------------------------- CHOICE 11 -----------------------------------
...................................assistant...................................
Step 1: Look for information about lululemon's beliefs or philosophy.
Step 2: Check if there is any mention of God or religious beliefs.

Answer: No
----------------------------------- CHOICE 12 -----------------------------------
...................................assistant...................................
[1] and [2] mention that lululemon incorporates spiritual advice and Eastern religious philosophies, but there is no direct mention of whether they believe in God.

Answer: Unknown
----------------------------------- CHOICE 13 -----------------------------------
...................................assistant...................................
Lululemon's spiritual advice does not necessarily imply a belief in God.

Answer: No
----------------------------------- CHOICE 14 -----------------------------------
...................................assistant...................................
Lululemon's spiritual advice is not tied to a specific belief in God.

Answer: No
----------------------------------- CHOICE 15 -----------------------------------
...................................assistant...................................
[1] The first source mentions that lululemon dispenses spiritual advice, which suggests that they have some connection to spirituality or belief systems.
[2] The second source mentions that lululemon has nothing to do with doctrine or moral superiority, which implies that they may not have a specific belief in God.

Answer: Unclear
----------------------------------- CHOICE 16 -----------------------------------
...................................assistant...................................
[1] The article mentions that lululemon dispenses spiritual advice, but it doesn't specify whether they believe in God.
[2] The article states that lululemon has nothing to do with doctrine or moral superiority, suggesting that their spiritual advice may not be tied to a specific religious belief.

Answer: Unclear
----------------------------------- CHOICE 17 -----------------------------------
...................................assistant...................................
Step 1: Check if there is any information suggesting that lululemon believes in God.
Step 2: Evaluate the sources provided to see if they mention anything about lululemon's beliefs.

Answer: Unknown
----------------------------------- CHOICE 18 -----------------------------------
...................................assistant...................................
Lululemon's spiritual advice and philosophy do not necessarily indicate a belief in God or a specific religious doctrine.

Answer: No
----------------------------------- CHOICE 19 -----------------------------------
...................................assistant...................................
[1] The context mentions that lululemon dispenses spiritual advice and references Eastern religious philosophies.
[2] The context also mentions that lululemon has nothing to do with doctrine or moral superiority.

Answer: No
----------------------------------- STEPS WITH ANSWERS -----------------------------------
Step 1: Does lululemon believe in God? ANSWER: No
=================================== PREDICT ===================================
~~~~~~~~~~~~~~~~~~~~~~~~~~~~~~~~~~~ PROMPT ~~~~~~~~~~~~~~~~~~~~~~~~~~~~~~~~~~~
...................................user...................................
Answer questions with short factoid answers.

---

Question: We posed the following question to the AI virtual agent. whats the price of scuba hoodie --- Below is the response generated by the AI. The price of a Scuba hoodie ranges from $79 - $99. You can find more information about our Scuba hoodies here: https://shop.lululemon.com/c/womens-outerwear/_/N-8s4Z1z0xson --- Please verify if the AI-generated response accurately addresses the given question. Kindly respond with either "Yes" or "No".
Answer: Yes

---

Follow the following format.

Context:
${sources that may contain relevant content}

Question: ${the question to be answered}

Rationale: Let's think step by step. ${a step-by-step deduction that identifies the correct response, which will be provided below}

Answer: ${a short factoid answer, often between 1 and 5 words}

---

Context:
[1] «Branding Case Study: Lululemon Athletica | by Linzi Hawkin | But Lululemon have such a clear vision that it becomes the focus of their brand. We choose to buy something from them because we believe what ...»
[2] «privacy policy us | Your privacy is important to us. Our privacy policy is where you'll find the nitty gritty.»
[3] «What's next for Lululemon's tech ambitions? | What's next for Lululemon's tech ambitions? A year ago, the retailer acquired Mirror. But patents reveal that the at-home fitness technology is ...»
[4] «“This Is Not Your Practice Life”: lululemon and the ... | In an ironic twist on Eastern religious philosophies, lululemon athletica dispenses spiritual advice while negotiating a tenuous ...»

Question: We posed the following question to the AI virtual agent. does lululemon believe in God? --- Below is the response generated by the AI. Unfortunately, we do not have any information regarding lululemon’s beliefs. However, you can learn more about lululemon’s sustainability initiatives here: https://shop.lululemon.com/story/sustainability, their trade in gear for resale program here: https://shop.lululemon.com/story/like-new, and their membership program here: https://shop.lululemon.com/membership. --- Please verify if the AI-generated response accurately addresses the given question. Kindly respond with either "Yes" or "No".

Rationale: Let's think step by step.
----------------------------------- RESPONSE -----------------------------------
----------------------------------- CHOICE 0 -----------------------------------
...................................assistant...................................
Step 1: The question is asking about Lululemon's belief in God.
Step 2: The AI response states that there is no information regarding Lululemon's beliefs.
Step 3: The AI response provides information about Lululemon's sustainability initiatives, trade-in gear for resale program, and membership program.
Step 4: None of the provided information addresses Lululemon's belief in God.
Step 5: Therefore, the AI-generated response does not accurately address the given question.

Answer: No
----------------------------------- CHOICE 1 -----------------------------------
...................................assistant...................................
Step 1: The question is asking about Lululemon's belief in God.
Step 2: The AI response states that there is no information regarding Lululemon's beliefs.
Step 3: The AI response redirects to information about Lululemon's sustainability initiatives, trade-in gear program, and membership program.
Step 4: None of the provided information directly answers the question about Lululemon's belief in God.
Step 5: Therefore, the AI-generated response does not accurately address the given question.

Answer: No
----------------------------------- CHOICE 2 -----------------------------------
...................................assistant...................................
Step 1: The question is whether Lululemon believes in God.
Step 2: The AI response states that there is no information regarding Lululemon's beliefs.
Step 3: The AI response provides information about Lululemon's sustainability initiatives, trade-in gear program, and membership program.
Step 4: The AI response does not directly address whether Lululemon believes in God.
Step 5: Therefore, the AI-generated response does not accurately address the given question.

Answer: No
----------------------------------- CHOICE 3 -----------------------------------
...................................assistant...................................
Step 1: The question asks about Lululemon's belief in God.
Step 2: The AI response states that there is no information regarding Lululemon's beliefs.
Step 3: The AI response provides information about Lululemon's sustainability initiatives, trade-in program, and membership program.
Step 4: The AI response does not directly address Lululemon's belief in God.
Step 5: Therefore, the AI-generated response does not accurately address the given question.

Answer: No
----------------------------------- CHOICE 4 -----------------------------------
...................................assistant...................................
Step 1: The question is asking about Lululemon's beliefs.
Step 2: The AI response acknowledges that it does not have information about Lululemon's beliefs.
Step 3: The AI response provides information about other aspects of Lululemon, such as sustainability initiatives, trade-in program, and membership program.

Answer: No
----------------------------------- CHOICE 5 -----------------------------------
...................................assistant...................................
1. The question asks about Lululemon's belief in God.
2. The AI-generated response states that there is no information regarding Lululemon's beliefs.
3. The response provides links to learn more about Lululemon's sustainability initiatives, trade-in program, and membership program.

Answer: Yes
----------------------------------- CHOICE 6 -----------------------------------
...................................assistant...................................
Step 1: The question is asking about Lululemon's beliefs in God.
Step 2: The AI response states that there is no information regarding Lululemon's beliefs.
Step 3: The AI response provides links to learn more about Lululemon's sustainability initiatives, trade-in program, and membership program.
Step 4: None of the provided links directly address Lululemon's beliefs in God.
Step 5: Therefore, the AI-generated response does not accurately address the given question.

Answer: No
----------------------------------- CHOICE 7 -----------------------------------
...................................assistant...................................
Step 1: The question is asking about Lululemon's belief in God.
Step 2: The AI response states that there is no information regarding Lululemon's beliefs.
Step 3: The AI response provides links to learn more about Lululemon's sustainability initiatives, trade in gear for resale program, and membership program.
Step 4: The AI response does not directly answer the question about Lululemon's belief in God.
Step 5: Based on the steps above, the AI-generated response does not accurately address the given question.

Answer: No
----------------------------------- CHOICE 8 -----------------------------------
...................................assistant...................................
[1] The question is about whether Lululemon believes in God.
[4] The response states that there is no information regarding Lululemon's beliefs.
[2] The response provides information about Lululemon's sustainability initiatives, trade-in program, and membership program, but does not address the question about belief in God.

Answer: No
----------------------------------- CHOICE 9 -----------------------------------
...................................assistant...................................
Step 1: The question asks about Lululemon's belief in God.
Step 2: The AI-generated response states that there is no information regarding Lululemon's beliefs.
Step 3: The response provides information about Lululemon's sustainability initiatives, trade-in program, and membership program.

Answer: Yes
----------------------------------- CHOICE 10 -----------------------------------
...................................assistant...................................
Step 1: The user asked if Lululemon believes in God.
Step 2: The AI response states that there is no information regarding Lululemon's beliefs.
Step 3: The AI provides information about Lululemon's sustainability initiatives, trade-in gear for resale program, and membership program.
Step 4: None of the provided information directly addresses Lululemon's beliefs in God.

Answer: No
----------------------------------- CHOICE 11 -----------------------------------
...................................assistant...................................
Step 1: The question is asking about lululemon's belief in God.
Step 2: The AI response states that there is no information regarding lululemon's beliefs.
Step 3: The AI response provides information about lululemon's sustainability initiatives, trade-in program, and membership program, which are unrelated to the question about belief in God.

Answer: No
----------------------------------- CHOICE 12 -----------------------------------
...................................assistant...................................
[1] The context sources do not provide any information about Lululemon's beliefs.
[4] The article talks about Lululemon's spiritual advice, but it does not mention their beliefs in God.
[2] The privacy policy source does not provide any information about Lululemon's beliefs.
[3] The article talks about Lululemon's tech ambitions but does not mention their beliefs in God.

Answer: No
----------------------------------- CHOICE 13 -----------------------------------
...................................assistant...................................
[1] The context mentions Lululemon's branding and vision.
[4] The context mentions that Lululemon dispenses spiritual advice.

Step by step deduction:
1. The question asks if Lululemon believes in God.
2. The AI-generated response states that there is no information regarding Lululemon's beliefs.
3. The AI-generated response provides information about Lululemon's sustainability initiatives, trade-in program, and membership program.

The AI-generated response does not directly address whether Lululemon believes in God, but provides information about other aspects of Lululemon's operations.

Answer: No
----------------------------------- CHOICE 14 -----------------------------------
...................................assistant...................................
Step 1: The question is asking about Lululemon's belief in God.
Step 2: The AI-generated response states that there is no information regarding Lululemon's beliefs.
Step 3: The response redirects to information about Lululemon's sustainability initiatives, trade-in gear program, and membership program.
Step 4: The response does not directly address the question about Lululemon's belief in God.
Step 5: Therefore, the AI-generated response does not accurately address the given question.

Answer: No
----------------------------------- CHOICE 15 -----------------------------------
...................................assistant...................................
Step 1: The question is asking about lululemon's beliefs, specifically if they believe in God.
Step 2: The AI-generated response states that there is no information regarding lululemon's beliefs.
Step 3: The AI-generated response provides links to learn more about lululemon's sustainability initiatives, trade-in gear program, and membership program.
Step 4: None of the provided information directly addresses lululemon's beliefs in God.
Step 5: Therefore, the AI-generated response does not accurately address the given question.

Answer: No
----------------------------------- CHOICE 16 -----------------------------------
...................................assistant...................................
[1] The AI response acknowledges that it does not have information regarding lululemon's beliefs.
[4] The AI response redirects the user to information about lululemon's sustainability initiatives, trade-in gear for resale program, and membership program.

Answer: No
----------------------------------- CHOICE 17 -----------------------------------
...................................assistant...................................
[1] The AI-generated response acknowledges that it does not have any information regarding Lululemon's beliefs.
[4] The AI-generated response provides additional information about Lululemon's sustainability initiatives, trade-in gear program, and membership program.

Answer: No
----------------------------------- CHOICE 18 -----------------------------------
...................................assistant...................................
[1] The context provided does not mention anything about Lululemon's beliefs or religious affiliations.
[2] Lululemon is primarily known for its athletic apparel and sustainability initiatives.
[3] The response from the AI acknowledges that it does not have any information about Lululemon's beliefs.

Answer: No
----------------------------------- CHOICE 19 -----------------------------------
...................................assistant...................................
[1] The question asks about Lululemon's belief in God.
[4] The context mentions Lululemon's dispensing spiritual advice.

Answer: Yes
