##########I’m in my late 70s and my doctor has encouraged me to stay active, but I worry about straining my joints or hurting myself. What types of exercises are best suited for someone my age, and how do I start safely without overdoing it?##########
=================================== PREDICT (0-0) ===================================
~~~~~~~~~~~~~~~~~~~~~~~~~~~~~~~~~~~ PROMPT ~~~~~~~~~~~~~~~~~~~~~~~~~~~~~~~~~~~
...................................user...................................
Answer questions with short factoid answers.

---

Follow the following format.

Context:
${sources that may contain relevant content. e.g., [1] Passage 1. [2] Passage 2. [3] Passage 3.}

Question: ${the question to be answered}

Rationale: Let's think step by step. ${a step-by-step deduction that identifies the correct response, which will be provided below. Every statement in the "Rationale" section should be attributable to the passages provided in the "Context" section. e.g., ...[1][2].}

Answer: ${a short factoid answer, often between 1 and 5 words}

---

Context:
[1] «Young Pioneer camp | The Young Pioneer camps of the Soviet Union were the place of vacation for children from the Young Pioneer organization of the Soviet Union during summer and ...»
[2] «Young Pioneer camp | The first All-Union Young Pioneer camp, Artek was formed on June 16, 1925. ... The main Young Pioneer camps of the Soviet Union were All-Union Young Pioneer ...»
[3] «Young Pioneers (Soviet Union) - Wikipedia | Soviet Union, Young Pioneers (Soviet Union) The Vladimir Lenin All-Union Pioneer Organization, abbreviated as the Young Pioneers, was a youth organization of the Soviet Union for children and adolescents ages 9–14 that existed between 1922 and 1991., Soviet Union»
[4] «Young Pioneer camp | In East Germany the Ernst Thälmann Pioneer Organisation built a pioneer camp (known as a "pioneer republic") in 1952 at Werbellinsee north-east of Berlin. It ...»
[5] «Young Pioneers of America | The Young Pioneers of America or Young Pioneers League of America was a children's organization affiliated with the Communist Party USA, under its various ...»
[6] «Young Pioneers (Soviet Union) | One of the famous young pioneer All-Union camps was "Artek" located in Crimea opened in the 1930s. The camp was located on the top of the mountain "A-yu-dahg" ...»
[7] «History - Young Life Armenia Pioneer Camp | In the 1950s and '60s the Young Life Armenia Camp property was used as a Young Pioneer Communist Indoctrination camp for kids 10 -17, now this property is being ...»

Question: Where did the Young Pioneer Camp originate?

Rationale: Let's think step by step. The first All-Union Young Pioneer camp, Artek, was formed in the Soviet Union on June 16, 1925 [2].

Answer: Soviet Union

---

Context:
[1] «Birth date between 1945-01-01 and 1945-12-31 (Sorted by ... | Steve Martin was born on August 14, 1945 in Waco, Texas, USA as Stephen Glenn Martin to Mary Lee (née Stewart; 1913-2002) and Glenn Vernon Martin (1914-1997), a ...»
[2] «Gabe Kaplan/Born | March 31, 1945 (age 79 years), Brooklyn, New York, NY»
[3] «Gabe Kaplan | Los Angeles, California, U.S.. Born, Gabriel Weston Kaplan (1945-03-31) March 31, 1945 (age 79)»
[4] «Tulips (film) - Wikipedia | Tulips is a 1981 Canadian-American comedy-drama film starring Gabe Kaplan and Bernadette Peters. The director was officially credited as "Stan Ferris", but the film was actually directed by Rex Bromfield, Mark Warren and Al Waxman. 93 min., Gabe Kaplan»
[5] «Tulips (1981) | Directors. Rex Bromfield · Mark Warren · Al Waxman ; Writers. Henry Olek · Gabe Kaplan · Al Waxman ; Stars · Gabe Kaplan · Bernadette Peters · Henry Gibson. 4.4/10(71)»
[6] «Gabe Kaplan | Born, Gabriel Weston Kaplan (1945-03-31) March 31, 1945 (age 79) New York ... Tulips, Leland Irving. 1981–82, Lewis & Clark, Stewart Lewis, Main role (13 ...»
[7] «Myrna Loy | Myrna Loy (born Myrna Adele Williams; August 2, 1905 – December 14, 1993) was an American film, television and stage actress.»

Question: What 1945-born actor starred in Tulips?

Rationale: Let's think step by step. Steve Martin was born in Waco, Texas [1]. Gabe Kaplan was born in Brooklyn, New York [2][3]. Gabe Kaplan starred in the film Tulips [4][5][6].

Answer: Gabe Kaplan

---

Context:
[1] «Bodyjar - Wikipedia | 1994, Bodyjar are an Australian pop punk band which formed in 1990. They began performing under the name Bodyjar in 1994; their previous names included Damnation (1990–91) and Helium (1992–93)., 1990»
[2] «Opening Up with... Bodyjar - Blunt ... | By 2012, the band had officially regrouped in earnest, and by the following year they had a new record to show for it in the form of Role Model.»
[3] «Skillet (band) - Wikipedia | 1996, Skillet is an American Christian rock band formed in Memphis, Tennessee, in 1996. The band currently consists of husband and wife duo John Cooper (lead vocals, bass) and Korey Cooper (rhythm guitar, keyboards, backing vocals) along with Jen Ledger (drums, co-lead vocals) and Seth Morrison (lead guitar)., 1996»
[4] «Band - Skillet Wiki - Fandom | Skillet formed in 1996 with two members: John Cooper, former vocalist for Tennessee progressive rock band Seraph, and Ken Steorts, former guitarist for Urgent ...»
[5] «Skillet (band) | Early years (1996–2001)​​ Skillet formed in 1996 with two members: John Cooper, former vocalist for Tennessee progressive rock band Seraph, and Ken Steorts, ...»
[6] «Cameron Baines – Bodyjar 'Punk Rock with Substance' | With New Rituals though, the band are re-emerging in 2022 as a genuine rock band leading the way for a new generation of listeners to appreciate ...»
[7] «Biography of Christian Hard Rock Band Skillet | Skillet was originally formed in Memphis, Tennessee, in 1996 with two members: John Cooper (who had been the lead singer for the Tennessee progressive rock ...»

Question: Which band formed first, Bodyjar or Skillet?

Rationale: Let's think step by step. Bodyjar formed in 1990, while Skillet formed in 1996 [1][3].

Answer: Bodyjar

---

Context:
[1] «Exercising with arthritis: Improve your joint pain and stiffness | Low-impact exercises help keep joint stress low while you move. Examples include stationary or recumbent bicycling, elliptical trainer workouts, or exercise in ...»
[2] «How Do You Exercise and Stay Fit With Chronic Pain? | If you have osteoarthritis, avoid exercises that strain your joints, and try to stay away from specific areas that hurt.»
[3] «10 Phenomenal Exercises for Joint Pain • Health Blog | Household Chores – Everyday activities, such as raking, mowing the lawn, vacuuming, or weeding can help with joint pain. These everyday activities require ...»

Question: I’m in my late 70s and my doctor has encouraged me to stay active, but I worry about straining my joints or hurting myself. What types of exercises are best suited for someone my age, and how do I start safely without overdoing it?

Rationale: Let's think step by step.
----------------------------------- RESPONSE -----------------------------------
----------------------------------- CHOICE 0 -----------------------------------
...................................assistant...................................
Let's think step by step.
Low-impact exercises help keep joint stress low [1]. Exercises that strain joints or cause pain should be avoided [2]. Household chores are suggested for someone with joint pain as they do not require straining [3].

Answer: Low-impact exercises, household chores.
----------------------------------- CHOICE 1 -----------------------------------
...................................assistant...................................
Let's think step by step. Low-impact exercises that help keep joint stress low while moving are recommended [1]. Since you're in your late 70s, gentle activities like stationary or recumbent bicycling and elliptical trainer workouts would be suitable [1]. Household chores can also be helpful for joint pain, as they require minimal strain on joints [3].

Answer: Low-impact exercises, household chores
----------------------------------- CHOICE 2 -----------------------------------
...................................assistant...................................
Let's think step by step. Low-impact exercises such as stationary or recumbent bicycling, elliptical trainer workouts, and exercises like household chores are recommended [1][2][3].

Answer: Low-impact exercises and household chores
----------------------------------- CHOICE 3 -----------------------------------
...................................assistant...................................
Let's think step by step. Low-impact exercises help keep joint stress low while you move [1]. Exercises that strain your joints or specific areas that hurt should be avoided if you have osteoarthritis [2].

Answer: Low-impact exercises, household chores
----------------------------------- CHOICE 4 -----------------------------------
...................................assistant...................................
Let's think step by step. The context provided does not contain specific information related to exercising with arthritis or staying active at an older age. However, we can use general guidelines from the given passages.

- Low-impact exercises are recommended for those with joint pain [1].
- Specific exercises like raking, mowing the lawn, vacuuming, and weeding can be beneficial if they do not strain joints [3].

Answer: Low-impact exercises such as stationary or recumbent bicycling, elliptical trainer workouts, household chores, and gentle stretching. Start with a warm-up and gradually increase intensity to avoid overdoing it.
----------------------------------- CHOICE 5 -----------------------------------
...................................assistant...................................
Let's think step by step. Low-impact exercises help minimize joint stress [1]. Someone with osteoarthritis should avoid exercises that strain their joints [2]. Household chores can be beneficial for joint pain relief as they require minimal effort [3].

Answer: Low-impact exercises and household chores
----------------------------------- CHOICE 6 -----------------------------------
...................................assistant...................................
Let's think step by step. For individuals in their late 70s who have osteoarthritis and want to stay active, low-impact exercises are recommended [2]. Low-impact exercises include stationary or recumbent bicycling, elliptical trainer workouts, and household chores that do not strain joints [1][3].

Answer: Low-impact exercises like cycling, gentle yoga, swimming, or walking in the park. Start with short sessions and gradually increase duration as tolerated. Listen to your body and avoid activities causing pain.
----------------------------------- CHOICE 7 -----------------------------------
...................................assistant...................................
Let's think step by step. The context provided doesn't include specific recommendations for exercising with arthritis in late 70s individuals or detailed safety guidelines. However, from the given information:

- Low-impact exercises are recommended to help keep joint stress low [1].
- Avoiding exercises that strain joints and staying away from painful areas is advised for osteoarthritis patients [2].

Answer: Low-impact exercises such as stationary or recumbent bicycling, elliptical trainer workouts, and household chores like raking can be suitable. It's important to start safely by avoiding joint-straining activities and paying attention to any pain or discomfort.

Note that this answer is based on the limited information provided in the context. For personalized advice, consulting with a healthcare professional would be most beneficial.
----------------------------------- CHOICE 8 -----------------------------------
...................................assistant...................................
Let's think step by step. The context doesn't provide specific recommendations tailored to a 70-year-old with arthritis or joint pain. However, we can infer some general guidelines based on the information provided.

Low-impact exercises like stationary bicycling and elliptical trainer workouts are recommended for individuals looking to improve their joint health while minimizing stress on joints [1].

For someone in their late 70s who is concerned about straining their joints or hurting themselves, it's important to start slowly and gradually increase the intensity of exercise. Household chores can be a low-impact way to stay active without overdoing it [3]. 

Answer: Low-impact exercises like stationary bicycling, elliptical trainer workouts, and household chores are best suited for someone in their late 70s with joint pain. Start slowly and gradually increase the intensity of exercise without straining your joints.
----------------------------------- CHOICE 9 -----------------------------------
...................................assistant...................................
Let's think step by step. Low-impact exercises help minimize joint stress [1]. Exercises like stationary or recumbent bicycling, elliptical trainer workouts, or gentle activities in the home can be beneficial and low-risk for joints [1][2].

Answer: Gentle home activities or low-impact exercises
----------------------------------- CHOICE 10 -----------------------------------
...................................assistant...................................
Let's think step by step. Low-impact exercises like stationary or recumbent bicycling, elliptical trainer workouts, and household chores are recommended [1][2][3] to help manage joint pain without straining the joints.

Answer: Low-impact exercises, such as cycling and household chores
----------------------------------- CHOICE 11 -----------------------------------
...................................assistant...................................
Let's think step by step.
Low-impact exercises like stationary or recumbent bicycling, elliptical trainer workouts, or exercise in water can help keep joint stress low while moving [1]. For someone in their late 70s, these types of activities are recommended to avoid straining joints and staying active safely [1][2].
Answer: Low-impact exercises such as stationary biking, elliptical training, or water-based workouts. Start with short sessions and gradually increase duration.
----------------------------------- CHOICE 12 -----------------------------------
...................................assistant...................................
Let's think step by step. Low-impact exercises help reduce joint stress while still being active [1]. For someone in their late 70s with osteoarthritis, gentle activities like low-impact exercises would be best to avoid joint strain and potential injury [2].

Answer: Low-impact exercises
----------------------------------- CHOICE 13 -----------------------------------
...................................assistant...................................
Let's think step by step. Low-impact exercises like stationary or recumbent bicycling, elliptical trainer workouts, and gentle activities such as household chores are recommended for those with joint pain [1][2][3]. Starting slowly is important to prevent overexertion [3].

Answer: Low-impact exercises and gentle activities
----------------------------------- CHOICE 14 -----------------------------------
...................................assistant...................................
Let's think step by step. Low-impact exercises help keep joint stress low while you move [1]. For those with osteoarthritis, avoid exercises that strain your joints and try to stay away from specific areas that hurt [2].

Answer: Low-impact exercises, household chores
----------------------------------- CHOICE 15 -----------------------------------
...................................assistant...................................
Let's think step by step. Low-impact exercises are recommended to help reduce joint stress [1]. People with osteoarthritis should avoid exercises that strain their joints [2]. Household chores can be beneficial for joint pain, requiring minimal impact and tailored to individual comfort levels [3].

Answer: Low-impact exercises and household chores
----------------------------------- CHOICE 16 -----------------------------------
...................................assistant...................................
Let's think step by step. Low-impact exercises like stationary or recumbent bicycling, elliptical trainer workouts, or water aerobics can be suitable for someone with joint pain [1]. Exercises that avoid straining joints and specific areas of pain are important to prevent injury [2]. Household chores, which require minimal joint strain, might also be recommended as they help maintain mobility without overexertion [3].

Answer: Low-impact exercises, avoiding specific painful areas, and household chores.
----------------------------------- CHOICE 17 -----------------------------------
...................................assistant...................................
Let's think step by step. Low-impact exercises help minimize joint stress [1]. For osteoarthritis, avoid high-stress exercises on painful joints [2]. Household chores can be beneficial for joint pain as they are low impact and use household activities that don't strain joints [3].

Answer: Low-impact exercises like stationary or recumbent bicycling, elliptical trainer workouts, or gentle household chores. Start slowly and gradually increase the intensity to avoid overdoing it.
----------------------------------- CHOICE 18 -----------------------------------
...................................assistant...................................
Let's think step by step. For someone in their late 70s with osteoarthritis who is concerned about joint strain and self-harm, low-impact exercises are recommended to help keep stress off the joints while maintaining mobility [2]. Additionally, household chores can be beneficial as they require minimal effort on stressed joints [3]. Low-impact exercises like stationary or recumbent bicycling, elliptical trainer workouts, and gentle exercises at home might suit their needs best. It's important to start slowly and gradually increase intensity under the guidance of a healthcare provider to avoid overdoing it [1].

Answer: Low-impact exercises, household chores
----------------------------------- CHOICE 19 -----------------------------------
...................................assistant...................................
Let's think step by step. Low-impact exercises like stationary or recumbent bicycling, elliptical trainer workouts, or exercises such as household chores are recommended to help with joint pain [1][2][3].

Answer: Low-impact exercises and household chores
----------------------------------- ANSWER -----------------------------------
Low-impact exercises, household chores.
----------------------------------- CONFIDENCE -----------------------------------
0.25350234
----------------------------------- CITATION FREQUENCY -----------------------------------
[1.         0.70736653 0.53593662]
----------------------------------- PASSAGES WITH SCORES -----------------------------------
Exercising with arthritis: Improve your joint pain and stiffness | Low-impact exercises help keep joint stress low while you move. Examples include stationary or recumbent bicycling, elliptical trainer workouts, or exercise in ... SCORE: 0.92535025
How Do You Exercise and Stay Fit With Chronic Pain? | If you have osteoarthritis, avoid exercises that strain your joints, and try to stay away from specific areas that hurt. SCORE: 0.5997701
10 Phenomenal Exercises for Joint Pain • Health Blog | Household Chores – Everyday activities, such as raking, mowing the lawn, vacuuming, or weeding can help with joint pain. These everyday activities require ... SCORE: 0.4469122
=================================== PLAN (0) ===================================
~~~~~~~~~~~~~~~~~~~~~~~~~~~~~~~~~~~ PROMPT ~~~~~~~~~~~~~~~~~~~~~~~~~~~~~~~~~~~
...................................user...................................
Sketch a plan to answer the following question with the provided context. List only the essential steps which can be answered by search engines. Express each step as a standalone search question. Highlight interdependencies if any. Higher number steps can depend on lower number steps, while the reverse is not possible.

---

Follow the following format.

Context:
${sources that may contain relevant content. e.g., [1] Passage 1. [2] Passage 2. [3] Passage 3.}

Question: ${the question to be answered}

Plan:
Step 1: ${a standalone search question. e.g., ...?} Step 2: ${a standalone search question. e.g., ...?} ... Step n: ${a standalone search question. e.g., ...?}

Dependencies: ${interdependencies among multiple steps. e.g., Step ... depends on Step ... .}

---

Context:
[1] «Young Pioneers (Soviet Union) - Wikipedia | Soviet Union, Young Pioneers (Soviet Union) The Vladimir Lenin All-Union Pioneer Organization, abbreviated as the Young Pioneers, was a youth organization of the Soviet Union for children and adolescents ages 9–14 that existed between 1922 and 1991., Soviet Union»
[2] «Young Pioneer camp | In East Germany the Ernst Thälmann Pioneer Organisation built a pioneer camp (known as a "pioneer republic") in 1952 at Werbellinsee north-east of Berlin. It ...»
[3] «History - Young Life Armenia Pioneer Camp | In the 1950s and '60s the Young Life Armenia Camp property was used as a Young Pioneer Communist Indoctrination camp for kids 10 -17, now this property is being ...»

Question: Where did the Young Pioneer Camp originate?

Plan:
Step 1: What is the Young Pioneer Camp? Step 2: Where was the first Young Pioneer Camp established?

Dependencies: Step 2 depends on Step 1.

---

Context:
[1] «Gabe Kaplan | Born, Gabriel Weston Kaplan (1945-03-31) March 31, 1945 (age 79) New York ... Tulips, Leland Irving. 1981–82, Lewis & Clark, Stewart Lewis, Main role (13 ...»
[2] «Gabe Kaplan | Gabe Kaplan was born on 31 March 1945 in Brooklyn, New York, USA. He is a writer and actor, known for Welcome Back, Kotter (1975), Lewis & Clark (1981) and ...»
[3] «Max Bygraves | Walter William "Max" Bygraves (16 October 1922 – 31 August 2012) was an English comedian, singer, actor and variety performer. He appeared on his own ...»

Question: What 1945-born actor starred in Tulips?

Plan:
Step 1: Who was born in 1945 and starred in Tulips? Step 2: Was Gabe Kaplan born in 1945? Step 3: Did Gabe Kaplan star in Tulips?

Dependencies: Step 2 depends on Step 1. Step 3 depends on Step 2.

---

Context:
«Exercising with arthritis: Improve your joint pain and stiffness | Low-impact exercises help keep joint stress low while you move. Examples include stationary or recumbent bicycling, elliptical trainer workouts, or exercise in ...»

Question: I’m in my late 70s and my doctor has encouraged me to stay active, but I worry about straining my joints or hurting myself. What types of exercises are best suited for someone my age, and how do I start safely without overdoing it?

Plan:
----------------------------------- RESPONSE -----------------------------------
----------------------------------- CHOICE 0 -----------------------------------
...................................assistant...................................
Step 1: For an elderly individual like myself in their late 70s seeking low-impact exercises to help with joint pain and stiffness, what types of activities should they consider? Step 2: How can these low-impact exercises be started safely without risking injury?
~~~~~~~~~~~~~~~~~~~~~~~~~~~~~~~~~~~ PROMPT ~~~~~~~~~~~~~~~~~~~~~~~~~~~~~~~~~~~
...................................user...................................
Sketch a plan to answer the following question with the provided context. List only the essential steps which can be answered by search engines. Express each step as a standalone search question. Highlight interdependencies if any. Higher number steps can depend on lower number steps, while the reverse is not possible.

---

Follow the following format.

Context:
${sources that may contain relevant content. e.g., [1] Passage 1. [2] Passage 2. [3] Passage 3.}

Question: ${the question to be answered}

Plan:
Step 1: ${a standalone search question. e.g., ...?} Step 2: ${a standalone search question. e.g., ...?} ... Step n: ${a standalone search question. e.g., ...?}

Dependencies: ${interdependencies among multiple steps. e.g., Step ... depends on Step ... .}

---

Context:
[1] «Young Pioneers (Soviet Union) - Wikipedia | Soviet Union, Young Pioneers (Soviet Union) The Vladimir Lenin All-Union Pioneer Organization, abbreviated as the Young Pioneers, was a youth organization of the Soviet Union for children and adolescents ages 9–14 that existed between 1922 and 1991., Soviet Union»
[2] «Young Pioneer camp | In East Germany the Ernst Thälmann Pioneer Organisation built a pioneer camp (known as a "pioneer republic") in 1952 at Werbellinsee north-east of Berlin. It ...»
[3] «History - Young Life Armenia Pioneer Camp | In the 1950s and '60s the Young Life Armenia Camp property was used as a Young Pioneer Communist Indoctrination camp for kids 10 -17, now this property is being ...»

Question: Where did the Young Pioneer Camp originate?

Plan:
Step 1: What is the Young Pioneer Camp? Step 2: Where was the first Young Pioneer Camp established?

Dependencies: Step 2 depends on Step 1.

---

Context:
[1] «Gabe Kaplan | Born, Gabriel Weston Kaplan (1945-03-31) March 31, 1945 (age 79) New York ... Tulips, Leland Irving. 1981–82, Lewis & Clark, Stewart Lewis, Main role (13 ...»
[2] «Gabe Kaplan | Gabe Kaplan was born on 31 March 1945 in Brooklyn, New York, USA. He is a writer and actor, known for Welcome Back, Kotter (1975), Lewis & Clark (1981) and ...»
[3] «Max Bygraves | Walter William "Max" Bygraves (16 October 1922 – 31 August 2012) was an English comedian, singer, actor and variety performer. He appeared on his own ...»

Question: What 1945-born actor starred in Tulips?

Plan:
Step 1: Who was born in 1945 and starred in Tulips? Step 2: Was Gabe Kaplan born in 1945? Step 3: Did Gabe Kaplan star in Tulips?

Dependencies: Step 2 depends on Step 1. Step 3 depends on Step 2.

---

Context:
«Exercising with arthritis: Improve your joint pain and stiffness | Low-impact exercises help keep joint stress low while you move. Examples include stationary or recumbent bicycling, elliptical trainer workouts, or exercise in ...»

Question: I’m in my late 70s and my doctor has encouraged me to stay active, but I worry about straining my joints or hurting myself. What types of exercises are best suited for someone my age, and how do I start safely without overdoing it?

Plan:
Step 1: For an elderly individual like myself in their late 70s seeking low-impact exercises to help with joint pain and stiffness, what types of activities should they consider? Step 2: How can these low-impact exercises be started safely without risking injury?

Dependencies:
----------------------------------- RESPONSE -----------------------------------
----------------------------------- CHOICE 0 -----------------------------------
...................................assistant...................................
Step 1 depends on Step 2.
~~~~~~~~~~~~~~~~~~~~~~~~~~~~~~~~~~~ PROMPT ~~~~~~~~~~~~~~~~~~~~~~~~~~~~~~~~~~~
...................................user...................................
Highlight interdependencies among the steps below if any. Higher number steps can depend on lower number steps, while the reverse is not possible.

---

Follow the following format.

Plan:
Step 1: ${a standalone search question. e.g., ...?} Step 2: ${a standalone search question. e.g., ...?} ... Step n: ${a standalone search question. e.g., ...?}

Dependencies: ${interdependencies among multiple steps. e.g., Step ... depends on Step ... .}

---

Plan:
Step 1: What is the Young Pioneer Camp? Step 2: Where was the first Young Pioneer Camp established?

Dependencies: Step 2 depends on Step 1.

---

Plan:
Step 1: Who was born in 1945 and starred in Tulips? Step 2: Was Gabe Kaplan born in 1945? Step 3: Did Gabe Kaplan star in Tulips?

Dependencies: Step 2 depends on Step 1. Step 3 depends on Step 2.

---

Plan:
Step 1: For an elderly individual like myself in their late 70s seeking low-impact exercises to help with joint pain and stiffness, what types of activities should they consider? Step 2: How can these low-impact exercises be started safely without risking injury?

Dependencies:
----------------------------------- RESPONSE -----------------------------------
----------------------------------- CHOICE 0 -----------------------------------
...................................assistant...................................
Plan:
Step 1: For an elderly individual like myself in their late 70s seeking low-impact exercises to help with joint pain and stiffness, what types of activities should they consider?
Step 2: How can these low-impact exercises be started safely without risking injury?

Dependencies: Step 2 depends on Step 1.
=================================== SEARCH (1) ===================================
~~~~~~~~~~~~~~~~~~~~~~~~~~~~~~~~~~~ PROMPT ~~~~~~~~~~~~~~~~~~~~~~~~~~~~~~~~~~~
...................................user...................................
Express the dependencies in formal language by giving the descriptions below.

---

Follow the following format.

Descriptions: ${descriptions of dependencies}
Dependencies: ${e.g., If Step 2 depends on Step 1, then write Step 1 -> Step 2; If Step 2 and Step 3 depend on Step 1, then write Step 1 -> (Step 2 and Step 3); If Step 3 depends on Step 1 and Step 2, then write (Step 1 and Step 2) -> Step 3}

---

Descriptions: Plan: Step 1: For an elderly individual like myself in their late 70s seeking low-impact exercises to help with joint pain and stiffness, what types of activities should they consider? Step 2: How can these low-impact exercises be started safely without risking injury? Dependencies: Step 2 depends on Step 1.
Dependencies:
----------------------------------- RESPONSE -----------------------------------
----------------------------------- CHOICE 0 -----------------------------------
...................................assistant...................................
Dependencies: Step 1 -> Step 2
~~~~~~~~~~~~~~~~~~~~~~~~~~~~~~~~~~~Step 1~~~~~~~~~~~~~~~~~~~~~~~~~~~~~~~~~~~
=================================== PREDICT (1-0) ===================================
~~~~~~~~~~~~~~~~~~~~~~~~~~~~~~~~~~~ PROMPT ~~~~~~~~~~~~~~~~~~~~~~~~~~~~~~~~~~~
...................................user...................................
Answer questions with short factoid answers.

---

Follow the following format.

Context:
${sources that may contain relevant content. e.g., [1] Passage 1. [2] Passage 2. [3] Passage 3.}

Question: ${the question to be answered}

Rationale: Let's think step by step. ${a step-by-step deduction that identifies the correct response, which will be provided below. Every statement in the "Rationale" section should be attributable to the passages provided in the "Context" section. e.g., ...[1][2].}

Answer: ${a short factoid answer, often between 1 and 5 words}

---

Context:
[1] «Achsa W. Sprague | Achsa W. Sprague (November 17, 1827 – July 6, 1862) was one of the best-known Spiritualists during the 1850s in the United States.»
[2] «Achsa W. Sprague - Wikipedia | Sprague (November 17, 1827 – July 6, 1862) was one of the best-known Spiritualists during the 1850s in the United States. Primarily a medium and trance lecturer, she also wrote articles and poetry for Spiritualist publications such as the Banner of Light, the Green Mountain Sibyl, and the People's World., one of the best-known Spiritualists during the 1850s in the United States»
[3] «Achsa W. Sprague (1827-1862) | the time when Achsa Sprague was a popular spiritualistic medium. She first aroused curiosity by her unusual devotion to dogs and by telling everyone that ... 10 pages»
[4] «Achsa W. Sprague - Wikipedia | Sprague (November 17, 1827 – July 6, 1862) was one of the best-known Spiritualists during the 1850s in the United States. Primarily a medium and trance lecturer, she also wrote articles and poetry for Spiritualist publications such as the Banner of Light, the Green Mountain Sibyl, and the People's World., one of the best-known Spiritualists during the 1850s in the United States»
[5] «Achsa W. Sprague (1827-1862) | the time when Achsa Sprague was a popular spiritualistic medium. She first aroused curiosity by her unusual devotion to dogs and by telling everyone that ... 10 pages»
[6] «Achsa W. Sprague (1827-1862) | She was herself precocious. As a local prodigy, she started teaching the rural school at twelve. 10 pages»
[7] «This Place in History: Achsa Sprague | Achsa Sprague was a popular spiritualist in the mid-1800s. Primarily a trance medium, she also wrote poetry and was an abolitionist and an advocate of women's ...»

Question: What was Achsa W. Sprague best known for?

Rationale: Let's think step by step. Achsa W. Sprague was best known as a Spiritualist during the 1850s in the United States [1][2][4][7].

Answer: Spiritualism

---

Context:
[1] «Bodyjar - Wikipedia | 1994, Bodyjar are an Australian pop punk band which formed in 1990. They began performing under the name Bodyjar in 1994; their previous names included Damnation (1990–91) and Helium (1992–93)., 1990»
[2] «Opening Up with... Bodyjar - Blunt ... | By 2012, the band had officially regrouped in earnest, and by the following year they had a new record to show for it in the form of Role Model.»
[3] «Skillet (band) - Wikipedia | 1996, Skillet is an American Christian rock band formed in Memphis, Tennessee, in 1996. The band currently consists of husband and wife duo John Cooper (lead vocals, bass) and Korey Cooper (rhythm guitar, keyboards, backing vocals) along with Jen Ledger (drums, co-lead vocals) and Seth Morrison (lead guitar)., 1996»
[4] «Band - Skillet Wiki - Fandom | Skillet formed in 1996 with two members: John Cooper, former vocalist for Tennessee progressive rock band Seraph, and Ken Steorts, former guitarist for Urgent ...»
[5] «Skillet (band) | Early years (1996–2001)​​ Skillet formed in 1996 with two members: John Cooper, former vocalist for Tennessee progressive rock band Seraph, and Ken Steorts, ...»
[6] «Cameron Baines – Bodyjar 'Punk Rock with Substance' | With New Rituals though, the band are re-emerging in 2022 as a genuine rock band leading the way for a new generation of listeners to appreciate ...»
[7] «Biography of Christian Hard Rock Band Skillet | Skillet was originally formed in Memphis, Tennessee, in 1996 with two members: John Cooper (who had been the lead singer for the Tennessee progressive rock ...»

Question: Which band formed first, Bodyjar or Skillet?

Rationale: Let's think step by step. Bodyjar formed in 1990, while Skillet formed in 1996 [1][3].

Answer: Bodyjar

---

Context:
[1] «Husky Stadium | Husky Stadium is an outdoor football stadium in the Northwestern United States, located on the campus of the University of Washington in Seattle, Washington ...»
[2] «St. Cloud | Stearns County, MN - Official Website | Stearns County, St. Cloud | Stearns County, MN - Official Website., Stearns County»
[3] «St. Cloud, Minnesota | St. Cloud is the county seat of Stearns County and was named after the city of Saint-Cloud, France ( ...»
[4] «Husky Stadium (St. Cloud) | Husky Stadium is a 4,400-seat multipurpose stadium located in St. Cloud, Minnesota. It was built in 2004 and is the home of the St. Cloud State University ...»
[5] «Alaska Airlines Field at Husky Stadium - Facilities | Alaska Airlines Field at Husky Stadium is nestled high above Union Bay on Lake Washington and is known as the "Greatest Setting in College Football."»
[6] «Stearns County, MN - Official Website | Official Website | The official website of Stearns County, Minnesota. Chrome is the recommended browser for this site ... St. Cloud, MN 56303. Link to Map. 320-656-3600. Email ...»
[7] «Husky Stadium / Dome | ... MN 56301-4498 (320) 308-0121 · Ask St. Cloud State · Contact Us · Directions · Visit St. Cloud State. Minnesota State. St. Cloud State University A member of ...»

Question: What Minnesota county is Husky Stadium located in?

Rationale: Let's think step by step. Husky Stadium is located in St. Cloud, Minnesota, which is the county seat of Stearns County [3][4].

Answer: Stearns County

---

Context:
[1] «The Best Low-Impact Exercises for Seniors with Joint Pain | Tai Chi and yoga both focus on subtle movements, balance, and flexibility. Tai Chi, in particular, helps improve joint range of movements, reduce feelings of stiffness, and can even cure chronic pain with its slow and flowing movement [6]., Tai Chi and yoga»
[2] «Exercising with arthritis: Improve your joint pain and stiffness | Low-impact exercises help keep joint stress low while you move. Examples include stationary or recumbent bicycling, elliptical trainer workouts, or exercise in ...»
[3] «How Do You Exercise and Stay Fit With Chronic Pain? | Studies show that exercise slows the aging process and actually decreases pain. Learn why and how to get stronger and healthier as you age.»

Question: For an elderly individual like myself in their late 70s seeking low-impact exercises to help with joint pain and stiffness, what types of activities should they consider?

Rationale: Let's think step by step.
----------------------------------- RESPONSE -----------------------------------
----------------------------------- CHOICE 0 -----------------------------------
...................................assistant...................................
Let's think step by step. Tai Chi is mentioned as beneficial for improving joint range of movements, reducing feelings of stiffness, and even curing chronic pain [1].

Answer: Tai Chi
----------------------------------- CHOICE 1 -----------------------------------
...................................assistant...................................
Let's think step by step. Tai Chi and yoga are both mentioned as suitable for low-impact exercises focusing on subtle movements, balance, and flexibility [1].

Answer: Tai Chi, Yoga
----------------------------------- CHOICE 2 -----------------------------------
...................................assistant...................................
Let's think step by step. Low-impact exercises are recommended for individuals experiencing joint pain and stiffness. Tai Chi is mentioned as a beneficial exercise that can improve joint range of movements and reduce feelings of stiffness [1].

Answer: Tai Chi
----------------------------------- CHOICE 3 -----------------------------------
...................................assistant...................................
Let's think step by step. Tai Chi and yoga are both mentioned as low-impact exercises that focus on subtle movements, balance, and flexibility [1][2]. Tai Chi specifically is highlighted for improving joint range of motion, reducing stiffness, and even curing chronic pain with its slow and flowing movements.

Answer: Tai Chi
----------------------------------- CHOICE 4 -----------------------------------
...................................assistant...................................
Let's think step by step. Tai Chi and yoga are both recommended for seniors with joint pain due to their focus on subtle movements, balance, flexibility, and joint range of motion improvement [1].

Answer: Tai Chi and Yoga
----------------------------------- CHOICE 5 -----------------------------------
...................................assistant...................................
Let's think step by step. Tai Chi and yoga are both recommended for individuals with joint pain and stiffness due to their focus on subtle movements, balance, flexibility, and improvement in joint range of motion [1][2].

Answer: Tai Chi and yoga
----------------------------------- CHOICE 6 -----------------------------------
...................................assistant...................................
Let's think step by step. Tai Chi and yoga are both recommended for seniors looking at low-impact exercises that focus on subtle movements, balance, and flexibility [1][2].

Answer: Tai Chi and Yoga
----------------------------------- CHOICE 7 -----------------------------------
...................................assistant...................................
Let's think step by step. Tai Chi and yoga are both recommended for seniors with joint pain due to their focus on subtle movements, balance, and flexibility [1][2].

Answer: Tai Chi and Yoga
----------------------------------- CHOICE 8 -----------------------------------
...................................assistant...................................
Let's think step by step. Tai Chi is recommended for improving joint range of movements, reducing feelings of stiffness, and even curing chronic pain [1]. Additionally, low-impact exercises like stationary or recumbent bicycling, elliptical trainer workouts, and tai chi are all examples that help with joint pain and stiffness [2].

Answer: Tai Chi
----------------------------------- CHOICE 9 -----------------------------------
...................................assistant...................................
Let's think step by step. Tai Chi and yoga are both mentioned as low-impact exercises that focus on subtle movements, balance, and flexibility [1][2]. These practices can help improve joint range of motion, reduce stiffness, and potentially alleviate chronic pain.

Answer: Tai Chi and Yoga
----------------------------------- CHOICE 10 -----------------------------------
...................................assistant...................................
Let's think step by step. Tai Chi is recommended for improving joint range of movement, reducing stiffness, and potentially curing chronic pain due to its slow and flowing movements [1].

Answer: Tai Chi
----------------------------------- CHOICE 11 -----------------------------------
...................................assistant...................................
Let's think step by step. Tai Chi and yoga are recommended for low-impact exercises that focus on subtle movements, balance, and flexibility [1]. These practices can improve joint range of motion, reduce stiffness, and alleviate chronic pain with their slow and flowing movement.

Answer: Tai Chi and Yoga
----------------------------------- CHOICE 12 -----------------------------------
...................................assistant...................................
Let's think step by step. Low-impact exercises that can help with joint pain and stiffness for elderly individuals include Tai Chi, yoga, stationary or recumbent bicycling, elliptical trainer workouts, and exercise in water [1][2].

Answer: Tai Chi, Yoga, Stationary Bicycling, Elliptical Trainers
----------------------------------- CHOICE 13 -----------------------------------
...................................assistant...................................
Let's think step by step. Tai Chi is highlighted as beneficial for seniors with joint pain due to its focus on subtle movements, balance, and flexibility [1]. Additionally, yoga is also mentioned in the context of low-impact exercises that can improve joint range of motion, reduce stiffness, and even alleviate chronic pain through its slow and flowing movement [1].

Answer: Tai Chi and Yoga
----------------------------------- CHOICE 14 -----------------------------------
...................................assistant...................................
Let's think step by step. Tai Chi is recommended for improving joint range of movements, reducing feelings of stiffness, and even curing chronic pain [1].

Answer: Tai Chi
----------------------------------- CHOICE 15 -----------------------------------
...................................assistant...................................
Let's think step by step. Tai Chi and yoga are both recommended for improving joint range of movement, reducing stiffness, and managing chronic pain due to their low-impact nature [1][2].

Answer: Tai Chi and yoga
----------------------------------- CHOICE 16 -----------------------------------
...................................assistant...................................
Let's think step by step. Tai Chi is highlighted as a good option for improving joint range of movements, reducing feelings of stiffness, and potentially curing chronic pain [1].

Answer: Tai Chi
----------------------------------- CHOICE 17 -----------------------------------
...................................assistant...................................
Let's think step by step. Tai Chi focuses on subtle movements, balance, and flexibility [1], which can help improve joint range of motion and reduce feelings of stiffness [6]. Additionally, low-impact exercises such as stationary or recumbent bicycling, elliptical trainer workouts, and yoga are recommended to keep joint stress low while moving [2].

Answer: Tai Chi, stationary/bicycling, elliptical, yoga
----------------------------------- CHOICE 18 -----------------------------------
...................................assistant...................................
Let's think step by step. Tai Chi is recommended for improving joint range of movements, reducing stiffness, and curing chronic pain due to its slow and flowing movements [1].

Answer: Tai Chi
----------------------------------- CHOICE 19 -----------------------------------
...................................assistant...................................
Let's think step by step. Tai Chi is mentioned as focusing on subtle movements, balance, flexibility, improving joint range of movement, reducing stiffness, and even curing chronic pain [1].

Answer: Tai Chi
----------------------------------- ANSWER -----------------------------------
Tai Chi
----------------------------------- CONFIDENCE -----------------------------------
0.46724418
----------------------------------- CITATION FREQUENCY -----------------------------------
[1.         0.37604212 0.        ]
----------------------------------- PASSAGES WITH SCORES -----------------------------------
The Best Low-Impact Exercises for Seniors with Joint Pain | Tai Chi and yoga both focus on subtle movements, balance, and flexibility. Tai Chi, in particular, helps improve joint range of movements, reduce feelings of stiffness, and can even cure chronic pain with its slow and flowing movement [6]., Tai Chi and yoga SCORE: 0.9467244
Exercising with arthritis: Improve your joint pain and stiffness | Low-impact exercises help keep joint stress low while you move. Examples include stationary or recumbent bicycling, elliptical trainer workouts, or exercise in ... SCORE: 0.57234967
How Do You Exercise and Stay Fit With Chronic Pain? | Studies show that exercise slows the aging process and actually decreases pain. Learn why and how to get stronger and healthier as you age. SCORE: 0.19672441
=================================== PLAN (1) ===================================
